Mon 12/30/2024 
10:54 PM
$PROBLEM    1cmt_iv_est
$INPUT      ID TIME EVID AMT RATE DV MDV
$DATA      sim_data.csv IGNORE=@
$SUBROUTINE ADVAN1 TRANS2
$PK
; define fixed effects parameters
CL = THETA(1) * EXP(ETA(1))
V = THETA(2)

; scaling
S1=V

$THETA  (0,0.1,1) ; 1 TVCL
 3.15 FIX ; 2 TVV
$OMEGA  0.15  ;    1 OM_CL
$SIGMA  0.1  FIX  ;  1 SIG_ADD
$ERROR 
; add additive error
Y = F + EPS(1)

; store error for table output
ERR1 = EPS(1)

$ESTIMATION METHOD=COND LAPLACIAN MAXEVAL=9999 SIGDIG=3 PRINT=1
            NOABORT POSTHOC
$COVARIANCE PRINT=E
$TABLE      ID TIME EVID AMT RATE DV MDV ETA1 ERR1 CL NOAPPEND
            ONEHEADER NOPRINT FILE=estim_out

  
NM-TRAN MESSAGES 
  
 WARNINGS AND ERRORS (IF ANY) FOR PROBLEM    1
             
 (WARNING  2) NM-TRAN INFERS THAT THE DATA ARE POPULATION.
  
License Registered to: Freie Universitaet Berlin Department of Clinical Pharmacy Biochemistry
Expiration Date:    14 JAN 2025
Current Date:       30 DEC 2024
  **** WARNING!!! Days until program expires :  19 ****
  **** CONTACT idssoftware@iconplc.com FOR RENEWAL ****
1NONLINEAR MIXED EFFECTS MODEL PROGRAM (NONMEM) VERSION 7.5.1
 ORIGINALLY DEVELOPED BY STUART BEAL, LEWIS SHEINER, AND ALISON BOECKMANN
 CURRENT DEVELOPERS ARE ROBERT BAUER, ICON DEVELOPMENT SOLUTIONS,
 AND ALISON BOECKMANN. IMPLEMENTATION, EFFICIENCY, AND STANDARDIZATION
 PERFORMED BY NOUS INFOSYSTEMS.

 PROBLEM NO.:         1
 1cmt_iv_est
0DATA CHECKOUT RUN:              NO
 DATA SET LOCATED ON UNIT NO.:    2
 THIS UNIT TO BE REWOUND:        NO
 NO. OF DATA RECS IN DATA SET:       60
 NO. OF DATA ITEMS IN DATA SET:   7
 ID DATA ITEM IS DATA ITEM NO.:   1
 DEP VARIABLE IS DATA ITEM NO.:   6
 MDV DATA ITEM IS DATA ITEM NO.:  7
0INDICES PASSED TO SUBROUTINE PRED:
   3   2   4   5   0   0   0   0   0   0   0
0LABELS FOR DATA ITEMS:
 ID TIME EVID AMT RATE DV MDV
0(NONBLANK) LABELS FOR PRED-DEFINED ITEMS:
 CL ERR1
0FORMAT FOR DATA:
 (7E8.0)

 TOT. NO. OF OBS RECS:       50
 TOT. NO. OF INDIVIDUALS:       10
0LENGTH OF THETA:   2
0DEFAULT THETA BOUNDARY TEST OMITTED:    NO
0OMEGA HAS SIMPLE DIAGONAL FORM WITH DIMENSION:   1
0DEFAULT OMEGA BOUNDARY TEST OMITTED:    NO
0SIGMA HAS SIMPLE DIAGONAL FORM WITH DIMENSION:   1
0DEFAULT SIGMA BOUNDARY TEST OMITTED:    NO
0INITIAL ESTIMATE OF THETA:
 LOWER BOUND    INITIAL EST    UPPER BOUND
  0.0000E+00     0.1000E+00     0.1000E+01
  0.3150E+01     0.3150E+01     0.3150E+01
0INITIAL ESTIMATE OF OMEGA:
 0.1500E+00
0INITIAL ESTIMATE OF SIGMA:
 0.1000E+00
0SIGMA CONSTRAINED TO BE THIS INITIAL ESTIMATE
0COVARIANCE STEP OMITTED:        NO
 EIGENVLS. PRINTED:             YES
 SPECIAL COMPUTATION:            NO
 COMPRESSED FORMAT:              NO
 GRADIENT METHOD USED:     NOSLOW
 SIGDIGITS ETAHAT (SIGLO):                  -1
 SIGDIGITS GRADIENTS (SIGL):                -1
 EXCLUDE COV FOR FOCE (NOFCOV):              NO
 Cholesky Transposition of R Matrix (CHOLROFF):0
 KNUTHSUMOFF:                                -1
 RESUME COV ANALYSIS (RESUME):               NO
 SIR SAMPLE SIZE (SIRSAMPLE):
 NON-LINEARLY TRANSFORM THETAS DURING COV (THBND): 1
 PRECONDTIONING CYCLES (PRECOND):        0
 PRECONDTIONING TYPES (PRECONDS):        TOS
 FORCED PRECONDTIONING CYCLES (PFCOND):0
 PRECONDTIONING TYPE (PRETYPE):        0
 FORCED POS. DEFINITE SETTING DURING PRECONDITIONING: (FPOSDEF):0
 SIMPLE POS. DEFINITE SETTING: (POSDEF):-1
0TABLES STEP OMITTED:    NO
 NO. OF TABLES:           1
 SEED NUMBER (SEED):    11456
 NPDTYPE:    0
 INTERPTYPE:    0
 RANMETHOD:             3U
 MC SAMPLES (ESAMPLE):    300
 WRES SQUARE ROOT TYPE (WRESCHOL): EIGENVALUE
0-- TABLE   1 --
0RECORDS ONLY:    ALL
04 COLUMNS APPENDED:    NO
 PRINTED:                NO
 HEADER:                YES
 FILE TO BE FORWARDED:   NO
 FORMAT:                S1PE11.4
 IDFORMAT:
 LFORMAT:
 RFORMAT:
 FIXED_EFFECT_ETAS:
0USER-CHOSEN ITEMS:
 ID TIME EVID AMT RATE DV MDV ETA1 ERR1 CL
1DOUBLE PRECISION PREDPP VERSION 7.5.1

 ONE COMPARTMENT MODEL (ADVAN1)
0MAXIMUM NO. OF BASIC PK PARAMETERS:   2
0BASIC PK PARAMETERS (AFTER TRANSLATION):
   ELIMINATION RATE (K) IS BASIC PK PARAMETER NO.:  1

 TRANSLATOR WILL CONVERT PARAMETERS
 CLEARANCE (CL) AND VOLUME (V) TO K (TRANS2)
0COMPARTMENT ATTRIBUTES
 COMPT. NO.   FUNCTION   INITIAL    ON/OFF      DOSE      DEFAULT    DEFAULT
                         STATUS     ALLOWED    ALLOWED    FOR DOSE   FOR OBS.
    1         CENTRAL      ON         NO         YES        YES        YES
    2         OUTPUT       OFF        YES        NO         NO         NO
1
 ADDITIONAL PK PARAMETERS - ASSIGNMENT OF ROWS IN GG
 COMPT. NO.                             INDICES
              SCALE      BIOAVAIL.   ZERO-ORDER  ZERO-ORDER  ABSORB
                         FRACTION    RATE        DURATION    LAG
    1            3           *           *           *           *
    2            *           -           -           -           -
             - PARAMETER IS NOT ALLOWED FOR THIS MODEL
             * PARAMETER IS NOT SUPPLIED BY PK SUBROUTINE;
               WILL DEFAULT TO ONE IF APPLICABLE
0DATA ITEM INDICES USED BY PRED ARE:
   EVENT ID DATA ITEM IS DATA ITEM NO.:      3
   TIME DATA ITEM IS DATA ITEM NO.:          2
   DOSE AMOUNT DATA ITEM IS DATA ITEM NO.:   4
   DOSE RATE DATA ITEM IS DATA ITEM NO.:     5

0PK SUBROUTINE CALLED WITH EVERY EVENT RECORD.
 PK SUBROUTINE NOT CALLED AT NONEVENT (ADDITIONAL OR LAGGED) DOSE TIMES.
0ERROR SUBROUTINE CALLED WITH EVERY EVENT RECORD.
1


 #TBLN:      1
 #METH: Laplacian Conditional Estimation

 ESTIMATION STEP OMITTED:                 NO
 ANALYSIS TYPE:                           POPULATION
 NUMBER OF SADDLE POINT RESET ITERATIONS:      0
 GRADIENT METHOD USED:               NOSLOW
 CONDITIONAL ESTIMATES USED:              YES
 CENTERED ETA:                            NO
 EPS-ETA INTERACTION:                     NO
 LAPLACIAN OBJ. FUNC.:                    YES
 NUMERICAL 2ND DERIVATIVES:               NO
 NO. OF FUNCT. EVALS. ALLOWED:            9999
 NO. OF SIG. FIGURES REQUIRED:            3
 INTERMEDIATE PRINTOUT:                   YES
 ESTIMATE OUTPUT TO MSF:                  NO
 ABORT WITH PRED EXIT CODE 1:             NO
 IND. OBJ. FUNC. VALUES SORTED:           NO
 NUMERICAL DERIVATIVE
       FILE REQUEST (NUMDER):               NONE
 MAP (ETAHAT) ESTIMATION METHOD (OPTMAP):   0
 ETA HESSIAN EVALUATION METHOD (ETADER):    0
 INITIAL ETA FOR MAP ESTIMATION (MCETA):    0
 SIGDIGITS FOR MAP ESTIMATION (SIGLO):      100
 GRADIENT SIGDIGITS OF
       FIXED EFFECTS PARAMETERS (SIGL):     100
 NOPRIOR SETTING (NOPRIOR):                 0
 NOCOV SETTING (NOCOV):                     OFF
 DERCONT SETTING (DERCONT):                 OFF
 FINAL ETA RE-EVALUATION (FNLETA):          1
 EXCLUDE NON-INFLUENTIAL (NON-INFL.) ETAS
       IN SHRINKAGE (ETASTYPE):             NO
 NON-INFL. ETA CORRECTION (NONINFETA):      0
 RAW OUTPUT FILE (FILE): psn.ext
 EXCLUDE TITLE (NOTITLE):                   NO
 EXCLUDE COLUMN LABELS (NOLABEL):           NO
 FORMAT FOR ADDITIONAL FILES (FORMAT):      S1PE12.5
 PARAMETER ORDER FOR OUTPUTS (ORDER):       TSOL
 KNUTHSUMOFF:                               0
 INCLUDE LNTWOPI:                           NO
 INCLUDE CONSTANT TERM TO PRIOR (PRIORC):   NO
 INCLUDE CONSTANT TERM TO OMEGA (ETA) (OLNTWOPI):NO
 ADDITIONAL CONVERGENCE TEST (CTYPE=4)?:    NO
 EM OR BAYESIAN METHOD USED:                 NONE


 THE FOLLOWING LABELS ARE EQUIVALENT
 PRED=NPRED
 RES=NRES
 WRES=NWRES
 IWRS=NIWRES
 IPRD=NIPRED
 IRS=NIRES

 MONITORING OF SEARCH:


0ITERATION NO.:    0    OBJECTIVE VALUE:   41.8454368139310        NO. OF FUNC. EVALS.:   4
 CUMULATIVE NO. OF FUNC. EVALS.:        4
 NPARAMETR:  1.0000E-01  1.5000E-01
 PARAMETER:  1.0000E-01  1.0000E-01
 GRADIENT:  -1.0545E+02 -1.0294E+02

0ITERATION NO.:    1    OBJECTIVE VALUE:  -2.74307593433339        NO. OF FUNC. EVALS.:   5
 CUMULATIVE NO. OF FUNC. EVALS.:        9
 NPARAMETR:  1.6837E-01  4.8397E-01
 PARAMETER:  7.0000E-01  6.8569E-01
 GRADIENT:   2.8868E+00  9.4212E+00

0ITERATION NO.:    2    OBJECTIVE VALUE:  -3.06819849357734        NO. OF FUNC. EVALS.:   8
 CUMULATIVE NO. OF FUNC. EVALS.:       17
 NPARAMETR:  1.6369E-01  3.8814E-01
 PARAMETER:  6.6620E-01  5.7537E-01
 GRADIENT:  -2.2554E+00  5.6641E+00

0ITERATION NO.:    3    OBJECTIVE VALUE:  -11.2971148236422        NO. OF FUNC. EVALS.:   5
 CUMULATIVE NO. OF FUNC. EVALS.:       22
 NPARAMETR:  2.1655E-01  1.4655E-01
 PARAMETER:  1.0114E+00  8.8367E-02
 GRADIENT:   6.6259E+00  2.6609E+00

0ITERATION NO.:    4    OBJECTIVE VALUE:  -11.2971148236422        NO. OF FUNC. EVALS.:  10
 CUMULATIVE NO. OF FUNC. EVALS.:       32
 NPARAMETR:  2.1655E-01  1.4655E-01
 PARAMETER:  1.0114E+00  8.8367E-02
 GRADIENT:  -1.3899E+01  2.6592E+00

0ITERATION NO.:    5    OBJECTIVE VALUE:  -12.4187275503686        NO. OF FUNC. EVALS.:   7
 CUMULATIVE NO. OF FUNC. EVALS.:       39
 NPARAMETR:  2.5349E-01  8.6243E-02
 PARAMETER:  1.2172E+00 -1.7673E-01
 GRADIENT:   4.7000E+00 -5.6454E+00

0ITERATION NO.:    6    OBJECTIVE VALUE:  -12.7891181563899        NO. OF FUNC. EVALS.:   7
 CUMULATIVE NO. OF FUNC. EVALS.:       46
 NPARAMETR:  2.4329E-01  1.1715E-01
 PARAMETER:  1.1625E+00 -2.3573E-02
 GRADIENT:  -1.7854E+00  1.1790E+00

0ITERATION NO.:    7    OBJECTIVE VALUE:  -12.8236151522707        NO. OF FUNC. EVALS.:   7
 CUMULATIVE NO. OF FUNC. EVALS.:       53
 NPARAMETR:  2.4614E-01  1.1120E-01
 PARAMETER:  1.1779E+00 -4.9675E-02
 GRADIENT:  -2.9776E-01  2.0940E-01

0ITERATION NO.:    8    OBJECTIVE VALUE:  -12.8245888793110        NO. OF FUNC. EVALS.:   7
 CUMULATIVE NO. OF FUNC. EVALS.:       60
 NPARAMETR:  2.4672E-01  1.0995E-01
 PARAMETER:  1.1810E+00 -5.5291E-02
 GRADIENT:   1.8561E-02 -1.2024E-02

0ITERATION NO.:    9    OBJECTIVE VALUE:  -12.8245933812655        NO. OF FUNC. EVALS.:   7
 CUMULATIVE NO. OF FUNC. EVALS.:       67
 NPARAMETR:  2.4668E-01  1.1002E-01
 PARAMETER:  1.1808E+00 -5.4985E-02
 GRADIENT:  -1.3169E-04  1.3509E-04

0ITERATION NO.:   10    OBJECTIVE VALUE:  -12.8245933812655        NO. OF FUNC. EVALS.:   4
 CUMULATIVE NO. OF FUNC. EVALS.:       71
 NPARAMETR:  2.4668E-01  1.1002E-01
 PARAMETER:  1.1808E+00 -5.4985E-02
 GRADIENT:  -1.3169E-04  1.3509E-04

 #TERM:
0MINIMIZATION SUCCESSFUL
 NO. OF FUNCTION EVALUATIONS USED:       71
 NO. OF SIG. DIGITS IN FINAL EST.:  4.5

 ETABAR IS THE ARITHMETIC MEAN OF THE ETA-ESTIMATES,
 AND THE P-VALUE IS GIVEN FOR THE NULL HYPOTHESIS THAT THE TRUE MEAN IS 0.

 ETABAR:        -1.8954E-05
 SE:             1.0473E-01
 N:                      10

 P VAL.:         9.9986E-01

 ETASHRINKSD(%)  1.5107E-01
 ETASHRINKVR(%)  3.0192E-01
 EBVSHRINKSD(%)  1.3728E-01
 EBVSHRINKVR(%)  2.7437E-01
 RELATIVEINF(%)  9.9726E+01
 EPSSHRINKSD(%)  1.8336E+01
 EPSSHRINKVR(%)  3.3311E+01

  
 TOTAL DATA POINTS NORMALLY DISTRIBUTED (N):           50
 N*LOG(2PI) CONSTANT TO OBJECTIVE FUNCTION:    91.893853320467272     
 OBJECTIVE FUNCTION VALUE WITHOUT CONSTANT:   -12.824593381265490     
 OBJECTIVE FUNCTION VALUE WITH CONSTANT:       79.069259939201785     
 REPORTED OBJECTIVE FUNCTION DOES NOT CONTAIN CONSTANT
  
 TOTAL EFFECTIVE ETAS (NIND*NETA):                            10
  
 #TERE:
 Elapsed estimation  time in seconds:     0.02
 Elapsed covariance  time in seconds:     0.00
 Elapsed postprocess time in seconds:     0.00
1
 
 
 
 
 
 
 
 
 
 
 
 
 
 
 
 
 
 
 
 
 ************************************************************************************************************************
 ********************                                                                                ********************
 ********************                         LAPLACIAN CONDITIONAL ESTIMATION                       ********************
 #OBJT:**************                       MINIMUM VALUE OF OBJECTIVE FUNCTION                      ********************
 ********************                                                                                ********************
 ************************************************************************************************************************
 





 #OBJV:********************************************      -12.825       **************************************************
1
 ************************************************************************************************************************
 ********************                                                                                ********************
 ********************                         LAPLACIAN CONDITIONAL ESTIMATION                       ********************
 ********************                             FINAL PARAMETER ESTIMATE                           ********************
 ********************                                                                                ********************
 ************************************************************************************************************************
 


 THETA - VECTOR OF FIXED EFFECTS PARAMETERS   *********


         TH 1      TH 2     
 
         2.47E-01  3.15E+00
 


 OMEGA - COV MATRIX FOR RANDOM EFFECTS - ETAS  ********


         ETA1     
 
 ETA1
+        1.10E-01
 


 SIGMA - COV MATRIX FOR RANDOM EFFECTS - EPSILONS  ****


         EPS1     
 
 EPS1
+        1.00E-01
 
1


 OMEGA - CORR MATRIX FOR RANDOM EFFECTS - ETAS  *******


         ETA1     
 
 ETA1
+        3.32E-01
 


 SIGMA - CORR MATRIX FOR RANDOM EFFECTS - EPSILONS  ***


         EPS1     
 
 EPS1
+        3.16E-01
 
1
 ************************************************************************************************************************
 ********************                                                                                ********************
 ********************                         LAPLACIAN CONDITIONAL ESTIMATION                       ********************
 ********************                            STANDARD ERROR OF ESTIMATE                          ********************
 ********************                                                                                ********************
 ************************************************************************************************************************
 


 THETA - VECTOR OF FIXED EFFECTS PARAMETERS   *********


         TH 1      TH 2     
 
         2.59E-02 .........
 


 OMEGA - COV MATRIX FOR RANDOM EFFECTS - ETAS  ********


         ETA1     
 
 ETA1
+        4.87E-02
 


 SIGMA - COV MATRIX FOR RANDOM EFFECTS - EPSILONS  ****


         EPS1     
 
 EPS1
+       .........
 
1


 OMEGA - CORR MATRIX FOR RANDOM EFFECTS - ETAS  *******


         ETA1     
 
 ETA1
+        7.35E-02
 


 SIGMA - CORR MATRIX FOR RANDOM EFFECTS - EPSILONS  ***


         EPS1     
 
 EPS1
+       .........
 
1
 ************************************************************************************************************************
 ********************                                                                                ********************
 ********************                         LAPLACIAN CONDITIONAL ESTIMATION                       ********************
 ********************                          COVARIANCE MATRIX OF ESTIMATE                         ********************
 ********************                                                                                ********************
 ************************************************************************************************************************
 

            TH 1      TH 2      OM11      SG11  
 
 TH 1
+        6.72E-04
 
 TH 2
+       ......... .........
 
 OM11
+        7.98E-04 .........  2.37E-03
 
 SG11
+       ......... ......... ......... .........
 
1
 ************************************************************************************************************************
 ********************                                                                                ********************
 ********************                         LAPLACIAN CONDITIONAL ESTIMATION                       ********************
 ********************                          CORRELATION MATRIX OF ESTIMATE                        ********************
 ********************                                                                                ********************
 ************************************************************************************************************************
 

            TH 1      TH 2      OM11      SG11  
 
 TH 1
+        2.59E-02
 
 TH 2
+       ......... .........
 
 OM11
+        6.32E-01 .........  4.87E-02
 
 SG11
+       ......... ......... ......... .........
 
1
 ************************************************************************************************************************
 ********************                                                                                ********************
 ********************                         LAPLACIAN CONDITIONAL ESTIMATION                       ********************
 ********************                      INVERSE COVARIANCE MATRIX OF ESTIMATE                     ********************
 ********************                                                                                ********************
 ************************************************************************************************************************
 

            TH 1      TH 2      OM11      SG11  
 
 TH 1
+        2.48E+03
 
 TH 2
+       ......... .........
 
 OM11
+       -8.32E+02 .........  7.01E+02
 
 SG11
+       ......... ......... ......... .........
 
1
 
 
 
 
 
 
 
 
 
 
 
 
 
 
 
 
 
 
 
 
 ************************************************************************************************************************
 ********************                                                                                ********************
 ********************                         LAPLACIAN CONDITIONAL ESTIMATION                       ********************
 ********************                      EIGENVALUES OF COR MATRIX OF ESTIMATE                     ********************
 ********************                                                                                ********************
 ************************************************************************************************************************
 

             1         2
 
         3.68E-01  1.63E+00
 
 Elapsed finaloutput time in seconds:     0.01
 #CPUT: Total CPU Time in Seconds,        0.016
Stop Time: 
Mon 12/30/2024 
10:54 PM
